Compress
Shift by 128
[[ -4  -3  -6  -8  -6  -9 -11 -10]
 [ -8  -8  -8  -9  -9  -8  -8  -8]
 [ -3  -4  -5  -6  -7  -8  -9 -10]
 [ -3  -4  -5  -6  -7  -8  -9 -10]
 [  2   3   4   5   6   2  -2  -6]
 [ 12   9   9   5   5   9   7   2]
 [ 22  19  22  22  22  22  22  22]
 [ 32  32  34  36  40  42  44  47]]

DCT
[[  40.62    5.58   -1.59    3.01   -0.62   -0.11    1.06    1.12]
 [-111.32   11.43    0.4    -0.77   -0.1    -2.01   -1.34   -0.47]
 [  53.87  -12.25    4.16   -1.77    1.4    -1.61    0.33    0.22]
 [ -19.71    8.63   -2.11    2.39   -1.86   -0.12    0.34    0.48]
 [  12.37   -2.15   -2.87   -0.48    1.62   -2.56   -1.38    0.2 ]
 [  -7.81    5.52    2.07   -0.55    1.02    0.26    0.27    0.12]
 [   2.99    2.19    2.33    1.62   -1.53   -0.38    0.09   -0.1 ]
 [   6.19    2.09   -5.01   -0.49    1.89   -0.78   -0.8     0.41]]

Quantized
[[ 3  1  0  0  0  0  0  0]
 [-9  1  0  0  0  0  0  0]
 [ 4 -1  0  0  0  0  0  0]
 [-1  1  0  0  0  0  0  0]
 [ 1  0  0  0  0  0  0  0]
 [ 0  0  0  0  0  0  0  0]
 [ 0  0  0  0  0  0  0  0]
 [ 0  0  0  0  0  0  0  0]]

Decompress
Unquantized
[[  48   11    0    0    0    0    0    0]
 [-108   12    0    0    0    0    0    0]
 [  56  -13    0    0    0    0    0    0]
 [ -14   17    0    0    0    0    0    0]
 [  18    0    0    0    0    0    0    0]
 [   0    0    0    0    0    0    0    0]
 [   0    0    0    0    0    0    0    0]
 [   0    0    0    0    0    0    0    0]]

IDCT
[[  2   1   0  -2  -4  -6  -8  -9]
 [ -6  -6  -7  -7  -8  -9 -10 -10]
 [ -8  -8  -8  -8  -8  -9  -9  -9]
 [  0  -1  -1  -3  -4  -5  -6  -6]
 [  8   7   5   3   0  -2  -4  -5]
 [ 14  13  11   9   7   5   3   3]
 [ 22  22  22  23  23  23  24  24]
 [ 31  32  34  37  40  42  44  46]]

Shift by 128
[[130 129 128 126 124 122 120 119]
 [122 122 121 121 120 119 118 118]
 [120 120 120 120 120 119 119 119]
 [128 127 127 125 124 123 122 122]
 [136 135 133 131 128 126 124 123]
 [142 141 139 137 135 133 131 131]
 [150 150 150 151 151 151 152 152]
 [159 160 162 165 168 170 172 174]]

